[0.115s] DEBUG:colcon:Command line arguments: ['/usr/bin/colcon', 'build', '--packages-select', 'tb4_cpp_prac2']
[0.115s] DEBUG:colcon:Parsed command line arguments: Namespace(log_base=None, log_level=None, verb_name='build', build_base='build', install_base='install', merge_install=False, symlink_install=False, test_result_base=None, continue_on_error=False, executor='parallel', parallel_workers=8, event_handlers=None, ignore_user_meta=False, metas=['./colcon.meta'], base_paths=['.'], packages_ignore=None, packages_ignore_regex=None, paths=None, packages_up_to=None, packages_up_to_regex=None, packages_above=None, packages_above_and_dependencies=None, packages_above_depth=None, packages_select_by_dep=None, packages_skip_by_dep=None, packages_skip_up_to=None, packages_select_build_failed=False, packages_skip_build_finished=False, packages_select_test_failures=False, packages_skip_test_passed=False, packages_select=['tb4_cpp_prac2'], packages_skip=None, packages_select_regex=None, packages_skip_regex=None, packages_start=None, packages_end=None, allow_overriding=[], cmake_args=None, cmake_target=None, cmake_target_skip_unavailable=False, cmake_clean_cache=False, cmake_clean_first=False, cmake_force_configure=False, ament_cmake_args=None, catkin_cmake_args=None, catkin_skip_building_tests=False, mixin_files=None, mixin=None, verb_parser=<colcon_mixin.mixin.mixin_argument.MixinArgumentDecorator object at 0x7773d925c7c0>, verb_extension=<colcon_core.verb.build.BuildVerb object at 0x7773d9227d60>, main=<bound method BuildVerb.main of <colcon_core.verb.build.BuildVerb object at 0x7773d9227d60>>, mixin_verb=('build',))
[0.287s] Level 1:colcon.colcon_core.package_discovery:discover_packages(colcon_meta) check parameters
[0.287s] Level 1:colcon.colcon_core.package_discovery:discover_packages(recursive) check parameters
[0.287s] Level 1:colcon.colcon_core.package_discovery:discover_packages(ignore) check parameters
[0.287s] Level 1:colcon.colcon_core.package_discovery:discover_packages(path) check parameters
[0.287s] Level 1:colcon.colcon_core.package_discovery:discover_packages(colcon_meta) discover
[0.287s] Level 1:colcon.colcon_core.package_discovery:discover_packages(recursive) discover
[0.287s] INFO:colcon.colcon_core.package_discovery:Crawling recursively for packages in '/home/robotai/tb4_ws/Auto-robots/src/tb4_cpp_prac2'
[0.287s] Level 1:colcon.colcon_core.package_identification:_identify(.) by extensions ['ignore', 'ignore_ament_install']
[0.287s] Level 1:colcon.colcon_core.package_identification:_identify(.) by extension 'ignore'
[0.287s] Level 1:colcon.colcon_core.package_identification:_identify(.) by extension 'ignore_ament_install'
[0.287s] Level 1:colcon.colcon_core.package_identification:_identify(.) by extensions ['colcon_pkg']
[0.287s] Level 1:colcon.colcon_core.package_identification:_identify(.) by extension 'colcon_pkg'
[0.287s] Level 1:colcon.colcon_core.package_identification:_identify(.) by extensions ['colcon_meta']
[0.287s] Level 1:colcon.colcon_core.package_identification:_identify(.) by extension 'colcon_meta'
[0.288s] Level 1:colcon.colcon_core.package_identification:_identify(.) by extensions ['ros']
[0.288s] Level 1:colcon.colcon_core.package_identification:_identify(.) by extension 'ros'
[0.299s] DEBUG:colcon.colcon_core.package_identification:Package '.' with type 'ros.ament_cmake' and name 'tb4_cpp_prac2'
[0.299s] Level 1:colcon.colcon_core.package_discovery:discover_packages(recursive) using defaults
[0.299s] Level 1:colcon.colcon_core.package_discovery:discover_packages(ignore) discover
[0.299s] Level 1:colcon.colcon_core.package_discovery:discover_packages(ignore) using defaults
[0.299s] Level 1:colcon.colcon_core.package_discovery:discover_packages(path) discover
[0.299s] Level 1:colcon.colcon_core.package_discovery:discover_packages(path) using defaults
[0.317s] Level 1:colcon.colcon_core.package_discovery:discover_packages(prefix_path) check parameters
[0.317s] Level 1:colcon.colcon_core.package_discovery:discover_packages(prefix_path) discover
[0.320s] DEBUG:colcon.colcon_installed_package_information.package_discovery:Found 380 installed packages in /opt/ros/humble
[0.329s] Level 1:colcon.colcon_core.package_discovery:discover_packages(prefix_path) using defaults
[0.371s] Level 5:colcon.colcon_core.verb:set package 'tb4_cpp_prac2' build argument 'cmake_args' from command line to 'None'
[0.371s] Level 5:colcon.colcon_core.verb:set package 'tb4_cpp_prac2' build argument 'cmake_target' from command line to 'None'
[0.371s] Level 5:colcon.colcon_core.verb:set package 'tb4_cpp_prac2' build argument 'cmake_target_skip_unavailable' from command line to 'False'
[0.371s] Level 5:colcon.colcon_core.verb:set package 'tb4_cpp_prac2' build argument 'cmake_clean_cache' from command line to 'False'
[0.371s] Level 5:colcon.colcon_core.verb:set package 'tb4_cpp_prac2' build argument 'cmake_clean_first' from command line to 'False'
[0.371s] Level 5:colcon.colcon_core.verb:set package 'tb4_cpp_prac2' build argument 'cmake_force_configure' from command line to 'False'
[0.371s] Level 5:colcon.colcon_core.verb:set package 'tb4_cpp_prac2' build argument 'ament_cmake_args' from command line to 'None'
[0.371s] Level 5:colcon.colcon_core.verb:set package 'tb4_cpp_prac2' build argument 'catkin_cmake_args' from command line to 'None'
[0.371s] Level 5:colcon.colcon_core.verb:set package 'tb4_cpp_prac2' build argument 'catkin_skip_building_tests' from command line to 'False'
[0.371s] DEBUG:colcon.colcon_core.verb:Building package 'tb4_cpp_prac2' with the following arguments: {'ament_cmake_args': None, 'build_base': '/home/robotai/tb4_ws/Auto-robots/src/tb4_cpp_prac2/build/tb4_cpp_prac2', 'catkin_cmake_args': None, 'catkin_skip_building_tests': False, 'cmake_args': None, 'cmake_clean_cache': False, 'cmake_clean_first': False, 'cmake_force_configure': False, 'cmake_target': None, 'cmake_target_skip_unavailable': False, 'install_base': '/home/robotai/tb4_ws/Auto-robots/src/tb4_cpp_prac2/install/tb4_cpp_prac2', 'merge_install': False, 'path': '/home/robotai/tb4_ws/Auto-robots/src/tb4_cpp_prac2', 'symlink_install': False, 'test_result_base': None}
[0.371s] INFO:colcon.colcon_core.executor:Executing jobs using 'parallel' executor
[0.372s] DEBUG:colcon.colcon_parallel_executor.executor.parallel:run_until_complete
[0.372s] INFO:colcon.colcon_ros.task.ament_cmake.build:Building ROS package in '/home/robotai/tb4_ws/Auto-robots/src/tb4_cpp_prac2' with build type 'ament_cmake'
[0.372s] INFO:colcon.colcon_cmake.task.cmake.build:Building CMake package in '/home/robotai/tb4_ws/Auto-robots/src/tb4_cpp_prac2'
[0.374s] INFO:colcon.colcon_core.plugin_system:Skipping extension 'colcon_core.shell.bat': Not used on non-Windows systems
[0.374s] INFO:colcon.colcon_core.shell:Skip shell extension 'powershell' for command environment: Not usable outside of PowerShell
[0.374s] DEBUG:colcon.colcon_core.shell:Skip shell extension 'dsv' for command environment
[0.382s] DEBUG:colcon.colcon_core.event_handler.log_command:Invoking command in '/home/robotai/tb4_ws/Auto-robots/src/tb4_cpp_prac2/build/tb4_cpp_prac2': CMAKE_PREFIX_PATH=/opt/ros/humble /usr/bin/cmake /home/robotai/tb4_ws/Auto-robots/src/tb4_cpp_prac2 -DCMAKE_INSTALL_PREFIX=/home/robotai/tb4_ws/Auto-robots/src/tb4_cpp_prac2/install/tb4_cpp_prac2
[1.956s] DEBUG:colcon.colcon_core.event_handler.log_command:Invoked command in '/home/robotai/tb4_ws/Auto-robots/src/tb4_cpp_prac2/build/tb4_cpp_prac2' returned '0': CMAKE_PREFIX_PATH=/opt/ros/humble /usr/bin/cmake /home/robotai/tb4_ws/Auto-robots/src/tb4_cpp_prac2 -DCMAKE_INSTALL_PREFIX=/home/robotai/tb4_ws/Auto-robots/src/tb4_cpp_prac2/install/tb4_cpp_prac2
[1.958s] DEBUG:colcon.colcon_core.event_handler.log_command:Invoking command in '/home/robotai/tb4_ws/Auto-robots/src/tb4_cpp_prac2/build/tb4_cpp_prac2': CMAKE_PREFIX_PATH=/opt/ros/humble /usr/bin/cmake --build /home/robotai/tb4_ws/Auto-robots/src/tb4_cpp_prac2/build/tb4_cpp_prac2 -- -j8 -l8
[10.395s] DEBUG:colcon.colcon_core.event_handler.log_command:Invoked command in '/home/robotai/tb4_ws/Auto-robots/src/tb4_cpp_prac2/build/tb4_cpp_prac2' returned '0': CMAKE_PREFIX_PATH=/opt/ros/humble /usr/bin/cmake --build /home/robotai/tb4_ws/Auto-robots/src/tb4_cpp_prac2/build/tb4_cpp_prac2 -- -j8 -l8
[10.429s] DEBUG:colcon.colcon_core.event_handler.log_command:Invoking command in '/home/robotai/tb4_ws/Auto-robots/src/tb4_cpp_prac2/build/tb4_cpp_prac2': CMAKE_PREFIX_PATH=/opt/ros/humble /usr/bin/cmake --install /home/robotai/tb4_ws/Auto-robots/src/tb4_cpp_prac2/build/tb4_cpp_prac2
[10.445s] Level 1:colcon.colcon_core.environment:create_environment_scripts_only(tb4_cpp_prac2)
[10.445s] DEBUG:colcon.colcon_core.event_handler.log_command:Invoked command in '/home/robotai/tb4_ws/Auto-robots/src/tb4_cpp_prac2/build/tb4_cpp_prac2' returned '0': CMAKE_PREFIX_PATH=/opt/ros/humble /usr/bin/cmake --install /home/robotai/tb4_ws/Auto-robots/src/tb4_cpp_prac2/build/tb4_cpp_prac2
[10.448s] Level 1:colcon.colcon_core.environment:checking '/home/robotai/tb4_ws/Auto-robots/src/tb4_cpp_prac2/install/tb4_cpp_prac2' for CMake module files
[10.449s] Level 1:colcon.colcon_core.environment:checking '/home/robotai/tb4_ws/Auto-robots/src/tb4_cpp_prac2/install/tb4_cpp_prac2' for CMake config files
[10.449s] Level 1:colcon.colcon_core.shell:create_environment_hook('tb4_cpp_prac2', 'cmake_prefix_path')
[10.449s] INFO:colcon.colcon_core.shell:Creating environment hook '/home/robotai/tb4_ws/Auto-robots/src/tb4_cpp_prac2/install/tb4_cpp_prac2/share/tb4_cpp_prac2/hook/cmake_prefix_path.ps1'
[10.450s] INFO:colcon.colcon_core.shell:Creating environment descriptor '/home/robotai/tb4_ws/Auto-robots/src/tb4_cpp_prac2/install/tb4_cpp_prac2/share/tb4_cpp_prac2/hook/cmake_prefix_path.dsv'
[10.450s] INFO:colcon.colcon_core.shell:Creating environment hook '/home/robotai/tb4_ws/Auto-robots/src/tb4_cpp_prac2/install/tb4_cpp_prac2/share/tb4_cpp_prac2/hook/cmake_prefix_path.sh'
[10.451s] Level 1:colcon.colcon_core.environment:checking '/home/robotai/tb4_ws/Auto-robots/src/tb4_cpp_prac2/install/tb4_cpp_prac2/lib'
[10.451s] Level 1:colcon.colcon_core.environment:checking '/home/robotai/tb4_ws/Auto-robots/src/tb4_cpp_prac2/install/tb4_cpp_prac2/bin'
[10.451s] Level 1:colcon.colcon_core.environment:checking '/home/robotai/tb4_ws/Auto-robots/src/tb4_cpp_prac2/install/tb4_cpp_prac2/lib/pkgconfig/tb4_cpp_prac2.pc'
[10.451s] Level 1:colcon.colcon_core.environment:checking '/home/robotai/tb4_ws/Auto-robots/src/tb4_cpp_prac2/install/tb4_cpp_prac2/lib/python3.10/site-packages'
[10.451s] Level 1:colcon.colcon_core.environment:checking '/home/robotai/tb4_ws/Auto-robots/src/tb4_cpp_prac2/install/tb4_cpp_prac2/bin'
[10.451s] INFO:colcon.colcon_core.shell:Creating package script '/home/robotai/tb4_ws/Auto-robots/src/tb4_cpp_prac2/install/tb4_cpp_prac2/share/tb4_cpp_prac2/package.ps1'
[10.452s] INFO:colcon.colcon_core.shell:Creating package descriptor '/home/robotai/tb4_ws/Auto-robots/src/tb4_cpp_prac2/install/tb4_cpp_prac2/share/tb4_cpp_prac2/package.dsv'
[10.452s] INFO:colcon.colcon_core.shell:Creating package script '/home/robotai/tb4_ws/Auto-robots/src/tb4_cpp_prac2/install/tb4_cpp_prac2/share/tb4_cpp_prac2/package.sh'
[10.453s] INFO:colcon.colcon_core.shell:Creating package script '/home/robotai/tb4_ws/Auto-robots/src/tb4_cpp_prac2/install/tb4_cpp_prac2/share/tb4_cpp_prac2/package.bash'
[10.454s] INFO:colcon.colcon_core.shell:Creating package script '/home/robotai/tb4_ws/Auto-robots/src/tb4_cpp_prac2/install/tb4_cpp_prac2/share/tb4_cpp_prac2/package.zsh'
[10.454s] Level 1:colcon.colcon_core.environment:create_file_with_runtime_dependencies(/home/robotai/tb4_ws/Auto-robots/src/tb4_cpp_prac2/install/tb4_cpp_prac2/share/colcon-core/packages/tb4_cpp_prac2)
[10.480s] Level 1:colcon.colcon_core.environment:create_environment_scripts_only(tb4_cpp_prac2)
[10.480s] Level 1:colcon.colcon_core.environment:checking '/home/robotai/tb4_ws/Auto-robots/src/tb4_cpp_prac2/install/tb4_cpp_prac2' for CMake module files
[10.481s] Level 1:colcon.colcon_core.environment:checking '/home/robotai/tb4_ws/Auto-robots/src/tb4_cpp_prac2/install/tb4_cpp_prac2' for CMake config files
[10.481s] Level 1:colcon.colcon_core.shell:create_environment_hook('tb4_cpp_prac2', 'cmake_prefix_path')
[10.481s] INFO:colcon.colcon_core.shell:Creating environment hook '/home/robotai/tb4_ws/Auto-robots/src/tb4_cpp_prac2/install/tb4_cpp_prac2/share/tb4_cpp_prac2/hook/cmake_prefix_path.ps1'
[10.482s] INFO:colcon.colcon_core.shell:Creating environment descriptor '/home/robotai/tb4_ws/Auto-robots/src/tb4_cpp_prac2/install/tb4_cpp_prac2/share/tb4_cpp_prac2/hook/cmake_prefix_path.dsv'
[10.482s] INFO:colcon.colcon_core.shell:Creating environment hook '/home/robotai/tb4_ws/Auto-robots/src/tb4_cpp_prac2/install/tb4_cpp_prac2/share/tb4_cpp_prac2/hook/cmake_prefix_path.sh'
[10.482s] Level 1:colcon.colcon_core.environment:checking '/home/robotai/tb4_ws/Auto-robots/src/tb4_cpp_prac2/install/tb4_cpp_prac2/lib'
[10.483s] Level 1:colcon.colcon_core.environment:checking '/home/robotai/tb4_ws/Auto-robots/src/tb4_cpp_prac2/install/tb4_cpp_prac2/bin'
[10.483s] Level 1:colcon.colcon_core.environment:checking '/home/robotai/tb4_ws/Auto-robots/src/tb4_cpp_prac2/install/tb4_cpp_prac2/lib/pkgconfig/tb4_cpp_prac2.pc'
[10.483s] Level 1:colcon.colcon_core.environment:checking '/home/robotai/tb4_ws/Auto-robots/src/tb4_cpp_prac2/install/tb4_cpp_prac2/lib/python3.10/site-packages'
[10.483s] Level 1:colcon.colcon_core.environment:checking '/home/robotai/tb4_ws/Auto-robots/src/tb4_cpp_prac2/install/tb4_cpp_prac2/bin'
[10.483s] INFO:colcon.colcon_core.shell:Creating package script '/home/robotai/tb4_ws/Auto-robots/src/tb4_cpp_prac2/install/tb4_cpp_prac2/share/tb4_cpp_prac2/package.ps1'
[10.484s] INFO:colcon.colcon_core.shell:Creating package descriptor '/home/robotai/tb4_ws/Auto-robots/src/tb4_cpp_prac2/install/tb4_cpp_prac2/share/tb4_cpp_prac2/package.dsv'
[10.484s] INFO:colcon.colcon_core.shell:Creating package script '/home/robotai/tb4_ws/Auto-robots/src/tb4_cpp_prac2/install/tb4_cpp_prac2/share/tb4_cpp_prac2/package.sh'
[10.485s] INFO:colcon.colcon_core.shell:Creating package script '/home/robotai/tb4_ws/Auto-robots/src/tb4_cpp_prac2/install/tb4_cpp_prac2/share/tb4_cpp_prac2/package.bash'
[10.485s] INFO:colcon.colcon_core.shell:Creating package script '/home/robotai/tb4_ws/Auto-robots/src/tb4_cpp_prac2/install/tb4_cpp_prac2/share/tb4_cpp_prac2/package.zsh'
[10.485s] Level 1:colcon.colcon_core.environment:create_file_with_runtime_dependencies(/home/robotai/tb4_ws/Auto-robots/src/tb4_cpp_prac2/install/tb4_cpp_prac2/share/colcon-core/packages/tb4_cpp_prac2)
[10.486s] DEBUG:colcon.colcon_parallel_executor.executor.parallel:closing loop
[10.486s] DEBUG:colcon.colcon_parallel_executor.executor.parallel:loop closed
[10.486s] DEBUG:colcon.colcon_parallel_executor.executor.parallel:run_until_complete finished with '0'
[10.486s] DEBUG:colcon.colcon_core.event_reactor:joining thread
[10.491s] INFO:colcon.colcon_core.plugin_system:Skipping extension 'colcon_notification.desktop_notification.terminal_notifier': Not used on non-Darwin systems
[10.491s] INFO:colcon.colcon_core.plugin_system:Skipping extension 'colcon_notification.desktop_notification.win32': Not used on non-Windows systems
[10.491s] INFO:colcon.colcon_notification.desktop_notification:Sending desktop notification using 'notify2'
[10.502s] DEBUG:colcon.colcon_core.event_reactor:joined thread
[10.503s] INFO:colcon.colcon_core.shell:Creating prefix script '/home/robotai/tb4_ws/Auto-robots/src/tb4_cpp_prac2/install/local_setup.ps1'
[10.504s] INFO:colcon.colcon_core.shell:Creating prefix util module '/home/robotai/tb4_ws/Auto-robots/src/tb4_cpp_prac2/install/_local_setup_util_ps1.py'
[10.505s] INFO:colcon.colcon_core.shell:Creating prefix chain script '/home/robotai/tb4_ws/Auto-robots/src/tb4_cpp_prac2/install/setup.ps1'
[10.506s] INFO:colcon.colcon_core.shell:Creating prefix script '/home/robotai/tb4_ws/Auto-robots/src/tb4_cpp_prac2/install/local_setup.sh'
[10.507s] INFO:colcon.colcon_core.shell:Creating prefix util module '/home/robotai/tb4_ws/Auto-robots/src/tb4_cpp_prac2/install/_local_setup_util_sh.py'
[10.507s] INFO:colcon.colcon_core.shell:Creating prefix chain script '/home/robotai/tb4_ws/Auto-robots/src/tb4_cpp_prac2/install/setup.sh'
[10.508s] INFO:colcon.colcon_core.shell:Creating prefix script '/home/robotai/tb4_ws/Auto-robots/src/tb4_cpp_prac2/install/local_setup.bash'
[10.508s] INFO:colcon.colcon_core.shell:Creating prefix chain script '/home/robotai/tb4_ws/Auto-robots/src/tb4_cpp_prac2/install/setup.bash'
[10.509s] INFO:colcon.colcon_core.shell:Creating prefix script '/home/robotai/tb4_ws/Auto-robots/src/tb4_cpp_prac2/install/local_setup.zsh'
[10.510s] INFO:colcon.colcon_core.shell:Creating prefix chain script '/home/robotai/tb4_ws/Auto-robots/src/tb4_cpp_prac2/install/setup.zsh'
