[0.009s] Invoking command in '/home/robotai/tb4_ws/Auto-robots/src/tb4_cpp_prac2/build/tb4_cpp_prac2': CMAKE_PREFIX_PATH=/opt/ros/humble /usr/bin/cmake /home/robotai/tb4_ws/Auto-robots/src/tb4_cpp_prac2 -DCMAKE_INSTALL_PREFIX=/home/robotai/tb4_ws/Auto-robots/src/tb4_cpp_prac2/install/tb4_cpp_prac2
[0.064s] -- The C compiler identification is GNU 11.4.0
[0.119s] -- The CXX compiler identification is GNU 11.4.0
[0.126s] -- Detecting C compiler ABI info
[0.192s] -- Detecting C compiler ABI info - done
[0.199s] -- Check for working C compiler: /usr/bin/cc - skipped
[0.200s] -- Detecting C compile features
[0.200s] -- Detecting C compile features - done
[0.203s] -- Detecting CXX compiler ABI info
[0.280s] -- Detecting CXX compiler ABI info - done
[0.287s] -- Check for working CXX compiler: /usr/bin/c++ - skipped
[0.288s] -- Detecting CXX compile features
[0.288s] -- Detecting CXX compile features - done
[0.290s] -- Found ament_cmake: 1.3.9 (/opt/ros/humble/share/ament_cmake/cmake)
[0.425s] -- Found Python3: /usr/bin/python3 (found version "3.10.12") found components: Interpreter 
[0.505s] -- Found rclcpp: 16.0.9 (/opt/ros/humble/share/rclcpp/cmake)
[0.546s] -- Found rosidl_generator_c: 3.1.5 (/opt/ros/humble/share/rosidl_generator_c/cmake)
[0.550s] -- Found rosidl_adapter: 3.1.5 (/opt/ros/humble/share/rosidl_adapter/cmake)
[0.558s] -- Found rosidl_generator_cpp: 3.1.5 (/opt/ros/humble/share/rosidl_generator_cpp/cmake)
[0.571s] -- Using all available rosidl_typesupport_c: rosidl_typesupport_fastrtps_c;rosidl_typesupport_introspection_c
[0.589s] -- Using all available rosidl_typesupport_cpp: rosidl_typesupport_fastrtps_cpp;rosidl_typesupport_introspection_cpp
[0.655s] -- Found rmw_implementation_cmake: 6.1.2 (/opt/ros/humble/share/rmw_implementation_cmake/cmake)
[0.658s] -- Found rmw_fastrtps_cpp: 6.2.6 (/opt/ros/humble/share/rmw_fastrtps_cpp/cmake)
[0.750s] -- Found OpenSSL: /usr/lib/x86_64-linux-gnu/libcrypto.so (found version "3.0.2")  
[0.775s] -- Found FastRTPS: /opt/ros/humble/include  
[0.820s] -- Using RMW implementation 'rmw_fastrtps_cpp' as default
[0.829s] -- Looking for pthread.h
[0.899s] -- Looking for pthread.h - found
[0.899s] -- Performing Test CMAKE_HAVE_LIBC_PTHREAD
[0.969s] -- Performing Test CMAKE_HAVE_LIBC_PTHREAD - Success
[0.970s] -- Found Threads: TRUE  
[1.123s] -- Found irobot_create_msgs: 2.1.0 (/opt/ros/humble/share/irobot_create_msgs/cmake)
[1.349s] -- Found rclcpp_action: 16.0.9 (/opt/ros/humble/share/rclcpp_action/cmake)
[1.378s] -- Found nav_msgs: 4.2.4 (/opt/ros/humble/share/nav_msgs/cmake)
[1.463s] -- Found ament_lint_auto: 0.12.11 (/opt/ros/humble/share/ament_lint_auto/cmake)
[1.544s] -- Added test 'cppcheck' to perform static code analysis on C / C++ code
[1.544s] -- Configured cppcheck include dirs: $<BUILD_INTERFACE:/home/robotai/tb4_ws/Auto-robots/src/tb4_cpp_prac2/include>
[1.545s] -- Configured cppcheck exclude dirs and/or files: 
[1.546s] -- Added test 'flake8' to check Python code syntax and style conventions
[1.549s] -- Added test 'lint_cmake' to check CMake code style
[1.550s] -- Added test 'pep257' to check Python code against some of the docstring style conventions in PEP 257
[1.558s] -- Added test 'uncrustify' to check C / C++ code style
[1.559s] -- Configured uncrustify additional arguments: 
[1.560s] -- Added test 'xmllint' to check XML markup files
[1.562s] -- Configuring done
[1.573s] -- Generating done
[1.574s] -- Build files have been written to: /home/robotai/tb4_ws/Auto-robots/src/tb4_cpp_prac2/build/tb4_cpp_prac2
[1.583s] Invoked command in '/home/robotai/tb4_ws/Auto-robots/src/tb4_cpp_prac2/build/tb4_cpp_prac2' returned '0': CMAKE_PREFIX_PATH=/opt/ros/humble /usr/bin/cmake /home/robotai/tb4_ws/Auto-robots/src/tb4_cpp_prac2 -DCMAKE_INSTALL_PREFIX=/home/robotai/tb4_ws/Auto-robots/src/tb4_cpp_prac2/install/tb4_cpp_prac2
[1.585s] Invoking command in '/home/robotai/tb4_ws/Auto-robots/src/tb4_cpp_prac2/build/tb4_cpp_prac2': CMAKE_PREFIX_PATH=/opt/ros/humble /usr/bin/cmake --build /home/robotai/tb4_ws/Auto-robots/src/tb4_cpp_prac2/build/tb4_cpp_prac2 -- -j8 -l8
[1.633s] [ 50%] [32mBuilding CXX object CMakeFiles/tb4_arc_action.dir/src/tb4_arc_action.cpp.o[0m
[9.589s] [100%] [32m[1mLinking CXX executable tb4_arc_action[0m
[10.010s] [100%] Built target tb4_arc_action
[10.022s] Invoked command in '/home/robotai/tb4_ws/Auto-robots/src/tb4_cpp_prac2/build/tb4_cpp_prac2' returned '0': CMAKE_PREFIX_PATH=/opt/ros/humble /usr/bin/cmake --build /home/robotai/tb4_ws/Auto-robots/src/tb4_cpp_prac2/build/tb4_cpp_prac2 -- -j8 -l8
[10.056s] Invoking command in '/home/robotai/tb4_ws/Auto-robots/src/tb4_cpp_prac2/build/tb4_cpp_prac2': CMAKE_PREFIX_PATH=/opt/ros/humble /usr/bin/cmake --install /home/robotai/tb4_ws/Auto-robots/src/tb4_cpp_prac2/build/tb4_cpp_prac2
[10.063s] -- Install configuration: ""
[10.063s] -- Installing: /home/robotai/tb4_ws/Auto-robots/src/tb4_cpp_prac2/install/tb4_cpp_prac2/lib/tb4_cpp_prac2/tb4_arc_action
[10.068s] -- Set runtime path of "/home/robotai/tb4_ws/Auto-robots/src/tb4_cpp_prac2/install/tb4_cpp_prac2/lib/tb4_cpp_prac2/tb4_arc_action" to ""
[10.068s] -- Installing: /home/robotai/tb4_ws/Auto-robots/src/tb4_cpp_prac2/install/tb4_cpp_prac2/share/ament_index/resource_index/package_run_dependencies/tb4_cpp_prac2
[10.068s] -- Installing: /home/robotai/tb4_ws/Auto-robots/src/tb4_cpp_prac2/install/tb4_cpp_prac2/share/ament_index/resource_index/parent_prefix_path/tb4_cpp_prac2
[10.068s] -- Installing: /home/robotai/tb4_ws/Auto-robots/src/tb4_cpp_prac2/install/tb4_cpp_prac2/share/tb4_cpp_prac2/environment/ament_prefix_path.sh
[10.069s] -- Installing: /home/robotai/tb4_ws/Auto-robots/src/tb4_cpp_prac2/install/tb4_cpp_prac2/share/tb4_cpp_prac2/environment/ament_prefix_path.dsv
[10.069s] -- Installing: /home/robotai/tb4_ws/Auto-robots/src/tb4_cpp_prac2/install/tb4_cpp_prac2/share/tb4_cpp_prac2/environment/path.sh
[10.069s] -- Installing: /home/robotai/tb4_ws/Auto-robots/src/tb4_cpp_prac2/install/tb4_cpp_prac2/share/tb4_cpp_prac2/environment/path.dsv
[10.069s] -- Installing: /home/robotai/tb4_ws/Auto-robots/src/tb4_cpp_prac2/install/tb4_cpp_prac2/share/tb4_cpp_prac2/local_setup.bash
[10.069s] -- Installing: /home/robotai/tb4_ws/Auto-robots/src/tb4_cpp_prac2/install/tb4_cpp_prac2/share/tb4_cpp_prac2/local_setup.sh
[10.069s] -- Installing: /home/robotai/tb4_ws/Auto-robots/src/tb4_cpp_prac2/install/tb4_cpp_prac2/share/tb4_cpp_prac2/local_setup.zsh
[10.070s] -- Installing: /home/robotai/tb4_ws/Auto-robots/src/tb4_cpp_prac2/install/tb4_cpp_prac2/share/tb4_cpp_prac2/local_setup.dsv
[10.070s] -- Installing: /home/robotai/tb4_ws/Auto-robots/src/tb4_cpp_prac2/install/tb4_cpp_prac2/share/tb4_cpp_prac2/package.dsv
[10.070s] -- Installing: /home/robotai/tb4_ws/Auto-robots/src/tb4_cpp_prac2/install/tb4_cpp_prac2/share/ament_index/resource_index/packages/tb4_cpp_prac2
[10.070s] -- Installing: /home/robotai/tb4_ws/Auto-robots/src/tb4_cpp_prac2/install/tb4_cpp_prac2/share/tb4_cpp_prac2/cmake/tb4_cpp_prac2Config.cmake
[10.071s] -- Installing: /home/robotai/tb4_ws/Auto-robots/src/tb4_cpp_prac2/install/tb4_cpp_prac2/share/tb4_cpp_prac2/cmake/tb4_cpp_prac2Config-version.cmake
[10.071s] -- Up-to-date: /home/robotai/tb4_ws/Auto-robots/src/tb4_cpp_prac2/install/tb4_cpp_prac2/share/tb4_cpp_prac2/package.xml
[10.073s] Invoked command in '/home/robotai/tb4_ws/Auto-robots/src/tb4_cpp_prac2/build/tb4_cpp_prac2' returned '0': CMAKE_PREFIX_PATH=/opt/ros/humble /usr/bin/cmake --install /home/robotai/tb4_ws/Auto-robots/src/tb4_cpp_prac2/build/tb4_cpp_prac2
